<?xml version="1.0" encoding="UTF-8"?>
<!-- Generated by org.testng.reporters.JUnitReportReporter -->
<testsuite skipped="0" hostname="DESKTOP-4M357OC" name="Testng.LoginTestCaseWithDescription" tests="3" failures="0" timestamp="2022-01-13T15:33:07 IST" time="0.018" errors="0">
  <testcase name="loginWithValidUser" time="0.004" classname="Testng.LoginTestCaseWithDescription"/>
  <system-out/>
  <testcase name="loginWithEmpty" time="0.013" classname="Testng.LoginTestCaseWithDescription"/>
  <system-out/>
  <testcase name="loginWithInValidUser" time="0.001" classname="Testng.LoginTestCaseWithDescription"/>
  <system-out/>
</testsuite> <!-- Testng.LoginTestCaseWithDescription -->
