<?xml version="1.0" encoding="UTF-8"?>
<!-- Generated by org.testng.reporters.JUnitReportReporter -->
<testsuite skipped="0" hostname="DESKTOP-4M357OC" name="Testng.ActiTimeLogin" tests="2" failures="0" timestamp="2022-01-13T15:33:07 IST" time="21.612" errors="0">
  <testcase name="openBroserAndLogin" time="11.840" classname="Testng.ActiTimeLogin"/>
  <system-out/>
  <testcase name="logoutAndClose" time="9.772" classname="Testng.ActiTimeLogin"/>
  <system-out/>
</testsuite> <!-- Testng.ActiTimeLogin -->
