<?xml version="1.0" encoding="UTF-8"?>
<!-- Generated by org.testng.reporters.JUnitReportReporter -->
<testsuite skipped="0" hostname="DESKTOP-4M357OC" name="Dateprograms.Mydatepro" tests="1" failures="0" timestamp="2022-01-22T11:14:33 IST" time="0.047" errors="0">
  <testcase name="gettest" time="0.047" classname="Dateprograms.Mydatepro"/>
  <system-out/>
</testsuite> <!-- Dateprograms.Mydatepro -->
