<?xml version="1.0" encoding="UTF-8"?>
<!-- Generated by org.testng.reporters.JUnitReportReporter -->
<testsuite skipped="0" hostname="DESKTOP-4M357OC" name="ReadExcelData.Readexcel" tests="2" failures="0" timestamp="2022-01-21T13:00:39 IST" time="36.057" errors="0">
  <testcase name="loginIntoActitimeApp" time="21.314" classname="ReadExcelData.Readexcel"/>
  <system-out/>
  <testcase name="testPosition" time="14.743" classname="ReadExcelData.Readexcel"/>
  <system-out/>
</testsuite> <!-- ReadExcelData.Readexcel -->
