<?xml version="1.0" encoding="UTF-8"?>
<!-- Generated by org.testng.reporters.JUnitReportReporter -->
<testsuite skipped="0" hostname="DESKTOP-4M357OC" name="Testng.ActiTimeTask" tests="5" failures="0" timestamp="2022-01-13T15:33:07 IST" time="0.010" errors="0">
  <testcase name="createAndVerifyTask" time="0.004" classname="Testng.ActiTimeTask"/>
  <system-out/>
  <testcase name="deleteAndVerifyTask" time="0.001" classname="Testng.ActiTimeTask"/>
  <system-out/>
  <testcase name="logoutAndClose" time="0.002" classname="Testng.ActiTimeTask"/>
  <system-out/>
  <testcase name="openBroserAndLogin" time="0.001" classname="Testng.ActiTimeTask"/>
  <system-out/>
  <testcase name="modifyAndVerifyTask" time="0.002" classname="Testng.ActiTimeTask"/>
  <system-out/>
</testsuite> <!-- Testng.ActiTimeTask -->
