<?xml version="1.0" encoding="UTF-8"?>
<!-- Generated by org.testng.reporters.JUnitReportReporter -->
<testsuite skipped="0" hostname="DESKTOP-4M357OC" name="Testng.LoginTestCaseWithDependsOnMethod" tests="2" failures="0" timestamp="2022-01-13T15:33:07 IST" time="0.003" errors="0">
  <testcase name="loginWithValidUser" time="0.001" classname="Testng.LoginTestCaseWithDependsOnMethod"/>
  <system-out/>
  <testcase name="createTask" time="0.002" classname="Testng.LoginTestCaseWithDependsOnMethod"/>
  <system-out/>
</testsuite> <!-- Testng.LoginTestCaseWithDependsOnMethod -->
