<?xml version="1.0" encoding="UTF-8"?>
<!-- Generated by org.testng.reporters.JUnitReportReporter -->
<testsuite skipped="0" hostname="DESKTOP-4M357OC" name="Testng.GoogleApplicationWithBeforeAfterTestMethod" tests="2" failures="0" timestamp="2022-01-13T15:33:07 IST" time="7.909" errors="0">
  <testcase name="testSearch" time="5.817" classname="Testng.GoogleApplicationWithBeforeAfterTestMethod"/>
  <system-out/>
  <testcase name="testGoogleLandingPage" time="2.092" classname="Testng.GoogleApplicationWithBeforeAfterTestMethod"/>
  <system-out/>
</testsuite> <!-- Testng.GoogleApplicationWithBeforeAfterTestMethod -->
