<?xml version="1.0" encoding="UTF-8"?>
<!-- Generated by org.testng.reporters.JUnitReportReporter -->
<testsuite skipped="1" hostname="DESKTOP-4M357OC" name="Testng.LoginTestCaseWithEnable" tests="2" failures="0" timestamp="2022-01-13T15:33:07 IST" time="0.002" errors="0">
  <testcase name="loginWithValidUser" time="0.002" classname="Testng.LoginTestCaseWithEnable"/>
  <system-out/>
  <testcase name="createTask" classname="Testng.LoginTestCaseWithEnable">
    <skipped/>
  </testcase> <!-- createTask -->
  <system-out/>
</testsuite> <!-- Testng.LoginTestCaseWithEnable -->
