<?xml version="1.0" encoding="UTF-8"?>
<!-- Generated by org.testng.reporters.JUnitReportReporter -->
<testsuite skipped="0" hostname="DESKTOP-4M357OC" name="Testng.SampleTesting2" tests="1" failures="0" timestamp="2022-01-13T15:33:07 IST" time="0.002" errors="0">
  <testcase name="testCase1" time="0.002" classname="Testng.SampleTesting2"/>
  <system-out/>
</testsuite> <!-- Testng.SampleTesting2 -->
