<?xml version="1.0" encoding="UTF-8"?>
<!-- Generated by org.testng.reporters.JUnitReportReporter -->
<testsuite skipped="0" hostname="DESKTOP-4M357OC" name="DataProvider.DataProvidermy" tests="3" failures="0" timestamp="2022-01-22T11:49:18 IST" time="0.015" errors="0">
  <testcase name="setData" time="0.003" classname="DataProvider.DataProvidermy"/>
  <system-out/>
  <testcase name="setData" time="0.010" classname="DataProvider.DataProvidermy"/>
  <system-out/>
  <testcase name="setData" time="0.002" classname="DataProvider.DataProvidermy"/>
  <system-out/>
</testsuite> <!-- DataProvider.DataProvidermy -->
