<?xml version="1.0" encoding="UTF-8"?>
<!-- Generated by org.testng.reporters.JUnitReportReporter -->
<testsuite skipped="0" hostname="DESKTOP-4M357OC" name="TestngMultipletests.Beforetestprogram" tests="2" failures="0" timestamp="2022-01-13T13:06:02 IST" time="3.124" errors="0">
  <testcase name="testGoogleLandingPage" time="0.020" classname="TestngMultipletests.Beforetestprogram"/>
  <system-out/>
  <testcase name="testSearch" time="3.104" classname="TestngMultipletests.Beforetestprogram"/>
  <system-out/>
</testsuite> <!-- TestngMultipletests.Beforetestprogram -->
