<?xml version="1.0" encoding="UTF-8"?>
<!-- Generated by org.testng.reporters.JUnitReportReporter -->
<testsuite skipped="0" hostname="DESKTOP-4M357OC" name="DataProvider.DataProgrammy2" tests="3" failures="0" timestamp="2022-01-22T12:15:02 IST" time="36.932" errors="0">
  <testcase name="testLoginOfVtiger" time="10.481" classname="DataProvider.DataProgrammy2"/>
  <system-out/>
  <testcase name="testLoginOfVtiger" time="8.101" classname="DataProvider.DataProgrammy2"/>
  <system-out/>
  <testcase name="testLoginOfVtiger" time="18.350" classname="DataProvider.DataProgrammy2"/>
  <system-out/>
</testsuite> <!-- DataProvider.DataProgrammy2 -->
