<?xml version="1.0" encoding="UTF-8"?>
<!-- Generated by org.testng.reporters.JUnitReportReporter -->
<testsuite skipped="0" hostname="DESKTOP-4M357OC" name="TestngMultipletests.new1" tests="1" failures="0" timestamp="2022-01-19T15:50:26 IST" time="38.175" errors="0">
  <testcase name="testwindow" time="38.175" classname="TestngMultipletests.new1"/>
  <system-out/>
</testsuite> <!-- TestngMultipletests.new1 -->
