<?xml version="1.0" encoding="UTF-8"?>
<!-- Generated by org.testng.reporters.JUnitReportReporter -->
<testsuite skipped="0" hostname="DESKTOP-4M357OC" name="Groupexample.GroupExamples" tests="6" failures="0" timestamp="2022-01-22T14:45:21 IST" time="0.038" errors="0">
  <testcase name="testCaseTwo" time="0.002" classname="Groupexample.GroupExamples"/>
  <system-out/>
  <testcase name="testCaseThree" time="0.008" classname="Groupexample.GroupExamples"/>
  <system-out/>
  <testcase name="testCaseFive" time="0.016" classname="Groupexample.GroupExamples"/>
  <system-out/>
  <testcase name="testCaseOne" time="0.004" classname="Groupexample.GroupExamples"/>
  <system-out/>
  <testcase name="testCaseFour" time="0.004" classname="Groupexample.GroupExamples"/>
  <system-out/>
  <testcase name="testCaseSix" time="0.004" classname="Groupexample.GroupExamples"/>
  <system-out/>
</testsuite> <!-- Groupexample.GroupExamples -->
