<?xml version="1.0" encoding="UTF-8"?>
<!-- Generated by org.testng.reporters.JUnitReportReporter -->
<testsuite skipped="0" hostname="DESKTOP-4M357OC" name="Testng.LoginTestCase" tests="3" failures="0" timestamp="2022-01-13T15:33:07 IST" time="0.005" errors="0">
  <testcase name="loginWithEmpty" time="0.002" classname="Testng.LoginTestCase"/>
  <system-out/>
  <testcase name="loginWithInValidUser" time="0.001" classname="Testng.LoginTestCase"/>
  <system-out/>
  <testcase name="loginWithValidUser" time="0.002" classname="Testng.LoginTestCase"/>
  <system-out/>
</testsuite> <!-- Testng.LoginTestCase -->
