<?xml version="1.0" encoding="UTF-8"?>
<!-- Generated by org.testng.reporters.JUnitReportReporter -->
<testsuite skipped="0" hostname="DESKTOP-4M357OC" name="ReadExcelData.ExcelReading" tests="8" failures="0" timestamp="2022-01-21T12:25:56 IST" time="1.447" errors="0">
  <testcase name="getRowOperation" time="0.052" classname="ReadExcelData.ExcelReading"/>
  <system-out/>
  <testcase name="updateResult" time="0.333" classname="ReadExcelData.ExcelReading"/>
  <system-out/>
  <testcase name="getDifferentCellValues_2" time="0.041" classname="ReadExcelData.ExcelReading"/>
  <system-out/>
  <testcase name="getDifferentCellValues" time="0.073" classname="ReadExcelData.ExcelReading"/>
  <system-out/>
  <testcase name="getSheetName" time="0.041" classname="ReadExcelData.ExcelReading"/>
  <system-out/>
  <testcase name="getCellOperation" time="0.792" classname="ReadExcelData.ExcelReading"/>
  <system-out/>
  <testcase name="getEachRowFirstCellValue" time="0.050" classname="ReadExcelData.ExcelReading"/>
  <system-out/>
  <testcase name="getEachRowAllCellValue" time="0.065" classname="ReadExcelData.ExcelReading"/>
  <system-out/>
</testsuite> <!-- ReadExcelData.ExcelReading -->
