<?xml version="1.0" encoding="UTF-8"?>
<!-- Generated by org.testng.reporters.JUnitReportReporter -->
<testsuite skipped="0" hostname="DESKTOP-4M357OC" name="TestngMultipletests.Beforemethodprogram" tests="2" failures="0" timestamp="2022-01-13T15:10:59 IST" time="14.586" errors="0">
  <testcase name="testSearch" time="10.066" classname="TestngMultipletests.Beforemethodprogram"/>
  <system-out/>
  <testcase name="testGoogleLandingPage" time="4.520" classname="TestngMultipletests.Beforemethodprogram"/>
  <system-out/>
</testsuite> <!-- TestngMultipletests.Beforemethodprogram -->
