<?xml version="1.0" encoding="UTF-8"?>
<!-- Generated by org.testng.reporters.JUnitReportReporter -->
<testsuite skipped="0" hostname="DESKTOP-4M357OC" name="TestngMultipletests.GoogleApplicationWithBeforeAfterMethod" tests="2" failures="0" timestamp="2022-01-13T12:10:24 IST" time="17.525" errors="0">
  <testcase name="testSearch" time="7.696" classname="TestngMultipletests.GoogleApplicationWithBeforeAfterMethod"/>
  <system-out/>
  <testcase name="testGoogleLandingPage" time="9.829" classname="TestngMultipletests.GoogleApplicationWithBeforeAfterMethod"/>
  <system-out/>
</testsuite> <!-- TestngMultipletests.GoogleApplicationWithBeforeAfterMethod -->
