<?xml version="1.0" encoding="UTF-8"?>
<!-- Generated by org.testng.reporters.JUnitReportReporter -->
<testsuite skipped="0" hostname="DESKTOP-4M357OC" name="ParameterizationAndParellel.ParallelExecutionOfMethods" tests="2" failures="0" timestamp="2022-01-22T15:30:18 IST" time="41.958" errors="0">
  <testcase name="testVtigerLogin" time="16.639" classname="ParameterizationAndParellel.ParallelExecutionOfMethods"/>
  <system-out/>
  <testcase name="testActitimeLogin" time="25.319" classname="ParameterizationAndParellel.ParallelExecutionOfMethods"/>
  <system-out/>
</testsuite> <!-- ParameterizationAndParellel.ParallelExecutionOfMethods -->
